* installing *source* package ‘fmrireg’ ...
** using staged installation
** libs
using C++ compiler: ‘Apple clang version 15.0.0 (clang-1500.1.0.2.5)’
using C++17
using SDK: ‘MacOSX14.2.sdk’
clang++ -arch arm64 -std=gnu++17 -I"/Library/Frameworks/R.framework/Resources/include" -DNDEBUG  -I'/Users/bbuchsbaum/Library/R/arm64/4.3/library/Rcpp/include' -I'/Users/bbuchsbaum/Library/R/arm64/4.3/library/RcppArmadillo/include' -I'/Users/bbuchsbaum/Library/R/arm64/4.3/library/roptim/include' -I'/Users/bbuchsbaum/Library/R/arm64/4.3/library/RcppParallel/include' -I/opt/R/arm64/include    -O3 -ffast-math -march=native -fPIC  -falign-functions=64 -Wall -g -O2  -c RcppExports.cpp -o RcppExports.o
In file included from RcppExports.cpp:4:
In file included from /Users/bbuchsbaum/Library/R/arm64/4.3/library/RcppArmadillo/include/RcppArmadillo.h:29:
In file included from /Users/bbuchsbaum/Library/R/arm64/4.3/library/RcppArmadillo/include/RcppArmadillo/interface/RcppArmadilloForward.h:58:
In file included from /Users/bbuchsbaum/Library/R/arm64/4.3/library/RcppArmadillo/include/armadillo:96:
/Users/bbuchsbaum/Library/R/arm64/4.3/library/RcppArmadillo/include/armadillo_bits/compiler_setup.hpp:440:11: warning: WARNING: compiler is in fast math mode; some functions may be unreliable. [-W#pragma-messages]
  #pragma message ("WARNING: compiler is in fast math mode; some functions may be unreliable.")
          ^
/Users/bbuchsbaum/Library/R/arm64/4.3/library/RcppArmadillo/include/armadillo_bits/compiler_setup.hpp:441:11: warning: WARNING: to suppress this warning and related warnings, [-W#pragma-messages]
  #pragma message ("WARNING: to suppress this warning and related warnings,")
          ^
/Users/bbuchsbaum/Library/R/arm64/4.3/library/RcppArmadillo/include/armadillo_bits/compiler_setup.hpp:442:11: warning: WARNING: #define ARMA_DONT_PRINT_FAST_MATH_WARNING before #include <armadillo> [-W#pragma-messages]
  #pragma message ("WARNING: #define ARMA_DONT_PRINT_FAST_MATH_WARNING before #include <armadillo>")
          ^
3 warnings generated.
clang++ -arch arm64 -std=gnu++17 -I"/Library/Frameworks/R.framework/Resources/include" -DNDEBUG  -I'/Users/bbuchsbaum/Library/R/arm64/4.3/library/Rcpp/include' -I'/Users/bbuchsbaum/Library/R/arm64/4.3/library/RcppArmadillo/include' -I'/Users/bbuchsbaum/Library/R/arm64/4.3/library/roptim/include' -I'/Users/bbuchsbaum/Library/R/arm64/4.3/library/RcppParallel/include' -I/opt/R/arm64/include    -O3 -ffast-math -march=native -fPIC  -falign-functions=64 -Wall -g -O2  -c ar_whiten.cpp -o ar_whiten.o
In file included from ar_whiten.cpp:1:
In file included from /Users/bbuchsbaum/Library/R/arm64/4.3/library/RcppArmadillo/include/RcppArmadillo.h:29:
In file included from /Users/bbuchsbaum/Library/R/arm64/4.3/library/RcppArmadillo/include/RcppArmadillo/interface/RcppArmadilloForward.h:58:
In file included from /Users/bbuchsbaum/Library/R/arm64/4.3/library/RcppArmadillo/include/armadillo:96:
/Users/bbuchsbaum/Library/R/arm64/4.3/library/RcppArmadillo/include/armadillo_bits/compiler_setup.hpp:440:11: warning: WARNING: compiler is in fast math mode; some functions may be unreliable. [-W#pragma-messages]
  #pragma message ("WARNING: compiler is in fast math mode; some functions may be unreliable.")
          ^
/Users/bbuchsbaum/Library/R/arm64/4.3/library/RcppArmadillo/include/armadillo_bits/compiler_setup.hpp:441:11: warning: WARNING: to suppress this warning and related warnings, [-W#pragma-messages]
  #pragma message ("WARNING: to suppress this warning and related warnings,")
          ^
/Users/bbuchsbaum/Library/R/arm64/4.3/library/RcppArmadillo/include/armadillo_bits/compiler_setup.hpp:442:11: warning: WARNING: #define ARMA_DONT_PRINT_FAST_MATH_WARNING before #include <armadillo> [-W#pragma-messages]
  #pragma message ("WARNING: #define ARMA_DONT_PRINT_FAST_MATH_WARNING before #include <armadillo>")
          ^
3 warnings generated.
clang++ -arch arm64 -std=gnu++17 -I"/Library/Frameworks/R.framework/Resources/include" -DNDEBUG  -I'/Users/bbuchsbaum/Library/R/arm64/4.3/library/Rcpp/include' -I'/Users/bbuchsbaum/Library/R/arm64/4.3/library/RcppArmadillo/include' -I'/Users/bbuchsbaum/Library/R/arm64/4.3/library/roptim/include' -I'/Users/bbuchsbaum/Library/R/arm64/4.3/library/RcppParallel/include' -I/opt/R/arm64/include    -O3 -ffast-math -march=native -fPIC  -falign-functions=64 -Wall -g -O2  -c inst_correlation.cpp -o inst_correlation.o
clang++ -arch arm64 -std=gnu++17 -I"/Library/Frameworks/R.framework/Resources/include" -DNDEBUG  -I'/Users/bbuchsbaum/Library/R/arm64/4.3/library/Rcpp/include' -I'/Users/bbuchsbaum/Library/R/arm64/4.3/library/RcppArmadillo/include' -I'/Users/bbuchsbaum/Library/R/arm64/4.3/library/roptim/include' -I'/Users/bbuchsbaum/Library/R/arm64/4.3/library/RcppParallel/include' -I/opt/R/arm64/include    -O3 -ffast-math -march=native -fPIC  -falign-functions=64 -Wall -g -O2  -c lss.cpp -o lss.o
In file included from lss.cpp:1:
In file included from /Users/bbuchsbaum/Library/R/arm64/4.3/library/RcppArmadillo/include/RcppArmadillo.h:29:
In file included from /Users/bbuchsbaum/Library/R/arm64/4.3/library/RcppArmadillo/include/RcppArmadillo/interface/RcppArmadilloForward.h:58:
In file included from /Users/bbuchsbaum/Library/R/arm64/4.3/library/RcppArmadillo/include/armadillo:96:
/Users/bbuchsbaum/Library/R/arm64/4.3/library/RcppArmadillo/include/armadillo_bits/compiler_setup.hpp:440:11: warning: WARNING: compiler is in fast math mode; some functions may be unreliable. [-W#pragma-messages]
  #pragma message ("WARNING: compiler is in fast math mode; some functions may be unreliable.")
          ^
/Users/bbuchsbaum/Library/R/arm64/4.3/library/RcppArmadillo/include/armadillo_bits/compiler_setup.hpp:441:11: warning: WARNING: to suppress this warning and related warnings, [-W#pragma-messages]
  #pragma message ("WARNING: to suppress this warning and related warnings,")
          ^
/Users/bbuchsbaum/Library/R/arm64/4.3/library/RcppArmadillo/include/armadillo_bits/compiler_setup.hpp:442:11: warning: WARNING: #define ARMA_DONT_PRINT_FAST_MATH_WARNING before #include <armadillo> [-W#pragma-messages]
  #pragma message ("WARNING: #define ARMA_DONT_PRINT_FAST_MATH_WARNING before #include <armadillo>")
          ^
lss.cpp:27:17: warning: unused variable 'n_timepoints' [-Wunused-variable]
    const uword n_timepoints = Q_dmat_ran.n_rows;
                ^
4 warnings generated.
clang++ -arch arm64 -std=gnu++17 -I"/Library/Frameworks/R.framework/Resources/include" -DNDEBUG  -I'/Users/bbuchsbaum/Library/R/arm64/4.3/library/Rcpp/include' -I'/Users/bbuchsbaum/Library/R/arm64/4.3/library/RcppArmadillo/include' -I'/Users/bbuchsbaum/Library/R/arm64/4.3/library/roptim/include' -I'/Users/bbuchsbaum/Library/R/arm64/4.3/library/RcppParallel/include' -I/opt/R/arm64/include    -O3 -ffast-math -march=native -fPIC  -falign-functions=64 -Wall -g -O2  -c mixed_solve.cpp -o mixed_solve.o
In file included from mixed_solve.cpp:1:
In file included from /Users/bbuchsbaum/Library/R/arm64/4.3/library/RcppArmadillo/include/RcppArmadillo.h:29:
In file included from /Users/bbuchsbaum/Library/R/arm64/4.3/library/RcppArmadillo/include/RcppArmadillo/interface/RcppArmadilloForward.h:58:
In file included from /Users/bbuchsbaum/Library/R/arm64/4.3/library/RcppArmadillo/include/armadillo:96:
/Users/bbuchsbaum/Library/R/arm64/4.3/library/RcppArmadillo/include/armadillo_bits/compiler_setup.hpp:440:11: warning: WARNING: compiler is in fast math mode; some functions may be unreliable. [-W#pragma-messages]
  #pragma message ("WARNING: compiler is in fast math mode; some functions may be unreliable.")
          ^
/Users/bbuchsbaum/Library/R/arm64/4.3/library/RcppArmadillo/include/armadillo_bits/compiler_setup.hpp:441:11: warning: WARNING: to suppress this warning and related warnings, [-W#pragma-messages]
  #pragma message ("WARNING: to suppress this warning and related warnings,")
          ^
/Users/bbuchsbaum/Library/R/arm64/4.3/library/RcppArmadillo/include/armadillo_bits/compiler_setup.hpp:442:11: warning: WARNING: #define ARMA_DONT_PRINT_FAST_MATH_WARNING before #include <armadillo> [-W#pragma-messages]
  #pragma message ("WARNING: #define ARMA_DONT_PRINT_FAST_MATH_WARNING before #include <armadillo>")
          ^
3 warnings generated.
clang++ -arch arm64 -std=gnu++17 -I"/Library/Frameworks/R.framework/Resources/include" -DNDEBUG  -I'/Users/bbuchsbaum/Library/R/arm64/4.3/library/Rcpp/include' -I'/Users/bbuchsbaum/Library/R/arm64/4.3/library/RcppArmadillo/include' -I'/Users/bbuchsbaum/Library/R/arm64/4.3/library/roptim/include' -I'/Users/bbuchsbaum/Library/R/arm64/4.3/library/RcppParallel/include' -I/opt/R/arm64/include    -O3 -ffast-math -march=native -fPIC  -falign-functions=64 -Wall -g -O2  -c neural_input.cpp -o neural_input.o
neural_input.cpp:220:11: warning: shift count >= width of type [-Wshift-count-overflow]
    v |= v>>32;
          ^ ~~
1 warning generated.
clang++ -arch arm64 -std=gnu++17 -dynamiclib -Wl,-headerpad_max_install_names -undefined dynamic_lookup -L/Library/Frameworks/R.framework/Resources/lib -L/opt/R/arm64/lib -o fmrireg.so RcppExports.o ar_whiten.o inst_correlation.o lss.o mixed_solve.o neural_input.o -L/Library/Frameworks/R.framework/Resources/lib -lRlapack -L/Library/Frameworks/R.framework/Resources/lib -lRblas -L/opt/gfortran/lib/gcc/aarch64-apple-darwin20.0/12.2.0 -L/opt/gfortran/lib -lgfortran -lemutls_w -lquadmath -F/Library/Frameworks/R.framework/.. -framework R -Wl,-framework -Wl,CoreFoundation
installing to /Users/bbuchsbaum/code/fmrireg/fmrireg.Rcheck/00LOCK-fmrireg/00new/fmrireg/libs
** R
** data
** inst
** byte-compile and prepare package for lazy loading
** help
*** installing help indices
** building package indices
** installing vignettes
** testing if installed package can be loaded from temporary location
** checking absolute paths in shared objects and dynamic libraries
** testing if installed package can be loaded from final location
** testing if installed package keeps a record of temporary installation path
* DONE (fmrireg)
